<?xml version="1.0"?>
<CheckAndFixItem xmlns:xsi="http://www.w3.org/2001/XMLSchema-instance" xmlns:xsd="http://www.w3.org/2001/XMLSchema">
  <Id>fa4e57f3-7c58-4abd-905a-c4cee3b54e9e</Id>
  <Name>Check 1</Name>
  <Description>A check</Description>
  <Version>1.2.3.4</Version>
  <CheckRegex />
  <FixRegex />
</CheckAndFixItem>